#
# There is insufficient memory for the Java Runtime Environment to continue.
# Native memory allocation (mmap) failed to map 268435456 bytes for G1 virtual space
# Possible reasons:
#   The system is out of physical RAM or swap space
#   The process is running with CompressedOops enabled, and the Java Heap may be blocking the growth of the native heap
# Possible solutions:
#   Reduce memory load on the system
#   Increase physical memory or swap space
#   Check if swap backing store is full
#   Decrease Java heap size (-Xmx/-Xms)
#   Decrease number of Java threads
#   Decrease Java thread stack sizes (-Xss)
#   Set larger code cache with -XX:ReservedCodeCacheSize=
#   JVM is running with Zero Based Compressed Oops mode in which the Java heap is
#     placed in the first 32GB address space. The Java Heap base address is the
#     maximum limit for the native heap growth. Please use -XX:HeapBaseMinAddress
#     to set the Java Heap base and to place the Java Heap above 32GB virtual address.
# This output file may be truncated or incomplete.
#
#  Out of Memory Error (os_windows.cpp:3466), pid=9272, tid=15400
#
# JRE version:  (16.0.1+9) (build )
# Java VM: Java HotSpot(TM) 64-Bit Server VM (16.0.1+9-24, mixed mode, sharing, tiered, compressed oops, compressed class ptrs, g1 gc, windows-amd64)
# No core dump will be written. Minidumps are not enabled by default on client versions of Windows
#

---------------  S U M M A R Y ------------

Command Line: -javaagent:C:\Program Files\JetBrains\IntelliJ IDEA 2021.1.1\lib\idea_rt.jar=1113:C:\Program Files\JetBrains\IntelliJ IDEA 2021.1.1\bin -Dfile.encoding=UTF-8 --module-path=C:\Users\GAMER\IdeaProjects\LamportMUTEXPractice1\out\production\LamportMUTEXPractice1;C:\Users\GAMER\IdeaProjects\LamportMUTEXPractice1\lib\javafx-fxml-16.jar;C:\Users\GAMER\IdeaProjects\LamportMUTEXPractice1\lib\javafx-fxml-16-win.jar;C:\Users\GAMER\IdeaProjects\LamportMUTEXPractice1\lib\javafx-controls-16.jar;C:\Users\GAMER\IdeaProjects\LamportMUTEXPractice1\lib\javafx-controls-16-win.jar;C:\Users\GAMER\IdeaProjects\LamportMUTEXPractice1\lib\javafx-graphics-16.jar;C:\Users\GAMER\IdeaProjects\LamportMUTEXPractice1\lib\javafx-graphics-16-win.jar;C:\Users\GAMER\IdeaProjects\LamportMUTEXPractice1\lib\javafx-base-16.jar;C:\Users\GAMER\IdeaProjects\LamportMUTEXPractice1\lib\javafx-base-16-win.jar -Djdk.module.main=LamportMUTEXPractice1 LamportMUTEXPractice1/sample.Node

Host: Intel(R) Core(TM) i7-7700HQ CPU @ 2.80GHz, 8 cores, 15G,  Windows 10 , 64 bit Build 19041 (10.0.19041.928)
Time: Mon Jul 19 19:49:18 2021 SA Pacific Standard Time elapsed time: 0.017072 seconds (0d 0h 0m 0s)

---------------  T H R E A D  ---------------

Current thread (0x000001d334bd6650):  JavaThread "Unknown thread" [_thread_in_vm, id=15400, stack(0x0000002838a00000,0x0000002838b00000)]

Stack: [0x0000002838a00000,0x0000002838b00000]
Native frames: (J=compiled Java code, j=interpreted, Vv=VM code, C=native code)
V  [jvm.dll+0x6687ca]
V  [jvm.dll+0x7ca3c9]
V  [jvm.dll+0x7cbb53]
V  [jvm.dll+0x7cc1b3]
V  [jvm.dll+0x242ea5]
V  [jvm.dll+0x665589]
V  [jvm.dll+0x65a175]
V  [jvm.dll+0x2fc5ab]
V  [jvm.dll+0x3037a6]
V  [jvm.dll+0x352fee]
V  [jvm.dll+0x35321f]
V  [jvm.dll+0x2d3618]
V  [jvm.dll+0x2d4854]
V  [jvm.dll+0x79ccb1]
V  [jvm.dll+0x360de1]
V  [jvm.dll+0x77a990]
V  [jvm.dll+0x3e55af]
V  [jvm.dll+0x3e7081]
C  [jli.dll+0x52fb]
C  [ucrtbase.dll+0x21bb2]
C  [KERNEL32.DLL+0x17034]
C  [ntdll.dll+0x52651]


---------------  P R O C E S S  ---------------

Threads class SMR info:
_java_thread_list=0x00007ffe025ecbb8, length=0, elements={
}

Java Threads: ( => current thread )

Other Threads:
  0x000001d334c26fb0 GCTaskThread "GC Thread#0" [stack: 0x0000002838b00000,0x0000002838c00000] [id=13572]
  0x000001d334c37eb0 ConcurrentGCThread "G1 Main Marker" [stack: 0x0000002838c00000,0x0000002838d00000] [id=21832]
  0x000001d334c389f0 ConcurrentGCThread "G1 Conc#0" [stack: 0x0000002838d00000,0x0000002838e00000] [id=13460]

[error occurred during error reporting (printing all threads), id 0xc0000005, EXCEPTION_ACCESS_VIOLATION (0xc0000005) at pc=0x00007ffe01dc44d7]

VM state: not at safepoint (not fully initialized)

VM Mutex/Monitor currently owned by a thread:  ([mutex/lock_event])
[0x000001d334bd2420] Heap_lock - owner thread: 0x000001d334bd6650

Heap address: 0x0000000701400000, size: 4076 MB, Compressed Oops mode: Zero based, Oop shift amount: 3

CDS archive(s) mapped at: [0x0000000000000000-0x0000000000000000-0x0000000000000000), size 0, SharedBaseAddress: 0x0000000800000000, ArchiveRelocationMode: 0.
Narrow klass base: 0x0000000000000000, Narrow klass shift: 0, Narrow klass range: 0x0

GC Precious Log:
<Empty>

Heap:
 garbage-first heap   total 0K, used 0K [0x0000000701400000, 0x0000000800000000)
  region size 2048K, 0 young (0K), 0 survivors (0K)

[error occurred during error reporting (printing heap information), id 0xc0000005, EXCEPTION_ACCESS_VIOLATION (0xc0000005) at pc=0x00007ffe021a24ed]

GC Heap History (0 events):
No events

Deoptimization events (0 events):
No events

Classes unloaded (0 events):
No events

Classes redefined (0 events):
No events

Internal exceptions (0 events):
No events

Events (1 events):
Event: 0.013 Loaded shared library C:\Program Files\Java\jdk-16.0.1\bin\java.dll


Dynamic libraries:
0x00007ff694760000 - 0x00007ff694770000 	C:\Program Files\Java\jdk-16.0.1\bin\java.exe
0x00007ffe64e70000 - 0x00007ffe65065000 	C:\Windows\SYSTEM32\ntdll.dll
0x00007ffe193b0000 - 0x00007ffe193c3000 	C:\Program Files\Avast Software\Avast\aswhook.dll
0x00007ffe64ab0000 - 0x00007ffe64b6d000 	C:\Windows\System32\KERNEL32.DLL
0x00007ffe62970000 - 0x00007ffe62c38000 	C:\Windows\System32\KERNELBASE.dll
0x00007ffe62dd0000 - 0x00007ffe62ed0000 	C:\Windows\System32\ucrtbase.dll
0x00007ffe4ce50000 - 0x00007ffe4ce68000 	C:\Program Files\Java\jdk-16.0.1\bin\jli.dll
0x00007ffe49d80000 - 0x00007ffe49d99000 	C:\Program Files\Java\jdk-16.0.1\bin\VCRUNTIME140.dll
0x00007ffe64400000 - 0x00007ffe644ac000 	C:\Windows\System32\ADVAPI32.dll
0x00007ffe63070000 - 0x00007ffe6310e000 	C:\Windows\System32\msvcrt.dll
0x00007ffe64330000 - 0x00007ffe643cb000 	C:\Windows\System32\sechost.dll
0x00007ffe638a0000 - 0x00007ffe639cb000 	C:\Windows\System32\RPCRT4.dll
0x00007ffe64c90000 - 0x00007ffe64e30000 	C:\Windows\System32\USER32.dll
0x00007ffe62940000 - 0x00007ffe62962000 	C:\Windows\System32\win32u.dll
0x00007ffe51fe0000 - 0x00007ffe5227a000 	C:\Windows\WinSxS\amd64_microsoft.windows.common-controls_6595b64144ccf1df_6.0.19041.844_none_ca00b6081b84eb1d\COMCTL32.dll
0x00007ffe64990000 - 0x00007ffe649ba000 	C:\Windows\System32\GDI32.dll
0x00007ffe62830000 - 0x00007ffe6293b000 	C:\Windows\System32\gdi32full.dll
0x00007ffe62790000 - 0x00007ffe6282d000 	C:\Windows\System32\msvcp_win.dll
0x00007ffe59ff0000 - 0x00007ffe59ffa000 	C:\Windows\SYSTEM32\VERSION.dll
0x00007ffe62f60000 - 0x00007ffe62f90000 	C:\Windows\System32\IMM32.DLL
0x00007ffe50840000 - 0x00007ffe5084c000 	C:\Program Files\Java\jdk-16.0.1\bin\vcruntime140_1.dll
0x00007ffe273d0000 - 0x00007ffe27461000 	C:\Program Files\Java\jdk-16.0.1\bin\msvcp140.dll
0x00007ffe01ae0000 - 0x00007ffe0268b000 	C:\Program Files\Java\jdk-16.0.1\bin\server\jvm.dll
0x00007ffe64c80000 - 0x00007ffe64c88000 	C:\Windows\System32\PSAPI.DLL
0x00007ffe4a250000 - 0x00007ffe4a277000 	C:\Windows\SYSTEM32\WINMM.dll
0x00007ffe527c0000 - 0x00007ffe527c9000 	C:\Windows\SYSTEM32\WSOCK32.dll
0x00007ffe649c0000 - 0x00007ffe64a2b000 	C:\Windows\System32\WS2_32.dll
0x00007ffe60500000 - 0x00007ffe60512000 	C:\Windows\SYSTEM32\kernel.appcore.dll
0x00007ffe504a0000 - 0x00007ffe504aa000 	C:\Program Files\Java\jdk-16.0.1\bin\jimage.dll
0x00007ffe577c0000 - 0x00007ffe579a4000 	C:\Windows\SYSTEM32\DBGHELP.DLL
0x00007ffe57630000 - 0x00007ffe5765c000 	C:\Windows\SYSTEM32\dbgcore.DLL
0x00007ffe62710000 - 0x00007ffe62790000 	C:\Windows\System32\bcryptPrimitives.dll
0x00007ffe4eab0000 - 0x00007ffe4eabe000 	C:\Program Files\Java\jdk-16.0.1\bin\instrument.dll
0x00007ffe2e660000 - 0x00007ffe2e685000 	C:\Program Files\Java\jdk-16.0.1\bin\java.dll

dbghelp: loaded successfully - version: 4.0.5 - missing functions: none
symbol engine: initialized successfully - sym options: 0x614 - pdb path: .;C:\Program Files\Java\jdk-16.0.1\bin;C:\Windows\SYSTEM32;C:\Program Files\Avast Software\Avast;C:\Windows\WinSxS\amd64_microsoft.windows.common-controls_6595b64144ccf1df_6.0.19041.844_none_ca00b6081b84eb1d;C:\Program Files\Java\jdk-16.0.1\bin\server

VM Arguments:
jvm_args: -javaagent:C:\Program Files\JetBrains\IntelliJ IDEA 2021.1.1\lib\idea_rt.jar=1113:C:\Program Files\JetBrains\IntelliJ IDEA 2021.1.1\bin -Dfile.encoding=UTF-8 --module-path=C:\Users\GAMER\IdeaProjects\LamportMUTEXPractice1\out\production\LamportMUTEXPractice1;C:\Users\GAMER\IdeaProjects\LamportMUTEXPractice1\lib\javafx-fxml-16.jar;C:\Users\GAMER\IdeaProjects\LamportMUTEXPractice1\lib\javafx-fxml-16-win.jar;C:\Users\GAMER\IdeaProjects\LamportMUTEXPractice1\lib\javafx-controls-16.jar;C:\Users\GAMER\IdeaProjects\LamportMUTEXPractice1\lib\javafx-controls-16-win.jar;C:\Users\GAMER\IdeaProjects\LamportMUTEXPractice1\lib\javafx-graphics-16.jar;C:\Users\GAMER\IdeaProjects\LamportMUTEXPractice1\lib\javafx-graphics-16-win.jar;C:\Users\GAMER\IdeaProjects\LamportMUTEXPractice1\lib\javafx-base-16.jar;C:\Users\GAMER\IdeaProjects\LamportMUTEXPractice1\lib\javafx-base-16-win.jar -Djdk.module.main=LamportMUTEXPractice1 
java_command: LamportMUTEXPractice1/sample.Node
java_class_path (initial): <not set>
Launcher Type: SUN_STANDARD

[Global flags]
     intx CICompilerCount                          = 4                                         {product} {ergonomic}
     uint ConcGCThreads                            = 2                                         {product} {ergonomic}
     uint G1ConcRefinementThreads                  = 8                                         {product} {ergonomic}
   size_t G1HeapRegionSize                         = 2097152                                   {product} {ergonomic}
    uintx GCDrainStackTargetSize                   = 64                                        {product} {ergonomic}
   size_t InitialHeapSize                          = 268435456                                 {product} {ergonomic}
   size_t MarkStackSize                            = 4194304                                   {product} {ergonomic}
   size_t MaxHeapSize                              = 4273995776                                {product} {ergonomic}
   size_t MinHeapDeltaBytes                        = 2097152                                   {product} {ergonomic}
   size_t MinHeapSize                              = 8388608                                   {product} {ergonomic}
    uintx NonNMethodCodeHeapSize                   = 5839372                                {pd product} {ergonomic}
    uintx NonProfiledCodeHeapSize                  = 122909434                              {pd product} {ergonomic}
    uintx ProfiledCodeHeapSize                     = 122909434                              {pd product} {ergonomic}
    uintx ReservedCodeCacheSize                    = 251658240                              {pd product} {ergonomic}
     bool SegmentedCodeCache                       = true                                      {product} {ergonomic}
   size_t SoftMaxHeapSize                          = 4273995776                             {manageable} {ergonomic}
     bool UseCompressedClassPointers               = true                           {product lp64_product} {ergonomic}
     bool UseCompressedOops                        = true                           {product lp64_product} {ergonomic}
     bool UseG1GC                                  = true                                      {product} {ergonomic}
     bool UseLargePagesIndividualAllocation        = false                                  {pd product} {ergonomic}

Logging:
Log output configuration:
 #0: stdout all=warning uptime,level,tags
 #1: stderr all=off uptime,level,tags

Environment Variables:
JAVA_HOME=G:\AzureDevOpsData\Java\jre
PATH=C:\Program Files (x86)\Intel\iCLS Client\;C:\Program Files\Intel\iCLS Client\;C:\Program Files\Common Files\Oracle\Java\javapath;C:\Program Files (x86)\Common Files\Oracle\Java\javapath;C:\Program Files\NVIDIA GPU Computing Toolkit\CUDA\v11.2\bin;C:\Program Files\NVIDIA GPU Computing Toolkit\CUDA\v11.2\libnvvp;C:\Windows\system32;C:\Windows;C:\Windows\System32\Wbem;C:\Windows\System32\WindowsPowerShell\v1.0\;C:\Windows\System32\OpenSSH\;C:\Program Files\NVIDIA Corporation\Nsight Compute 2020.3.1\;C:\Program Files (x86)\NVIDIA Corporation\PhysX\Common;C:\Program Files\NVIDIA Corporation\NVIDIA NvDLISR;C:\Program Files (x86)\Intel\Intel(R) Management Engine Components\DAL;C:\Program Files\Intel\Intel(R) Management Engine Components\DAL;C:\Program Files (x86)\Intel\Intel(R) Management Engine Components\IPT;C:\Program Files\Intel\Intel(R) Management Engine Components\IPT;C:\Program Files\Git\cmd;C:\Program Files\nodejs\;C:\ProgramData\ComposerSetup\bin;C:\Program Files\Microsoft SQL Server\Client SDK\ODBC\170\Tools\Binn\;C:\Program Files (x86)\Microsoft SQL Server\150\Tools\Binn\;C:\Program Files\Microsoft SQL Server\150\Tools\Binn\;C:\Program Files\Microsoft SQL Server\150\DTS\Binn\;C:\Program Files\Docker\Docker\resources\bin;C:\ProgramData\DockerDesktop\version-bin;C:\Program Files (x86)\Microsoft SQL Server\150\DTS\Binn\;C:\Program Files\Microsoft SQL Server\Client SDK\ODBC\130\Tools\Binn\;C:\Program Files (x86)\Microsoft SQL Server\140\Tools\Binn\;C:\Program Files\Microsoft SQL Server\140\Tools\Binn\;C:\Program Files\Microsoft SQL Server\140\DTS\Binn\;C:\wamp64\bin\php\php7.4.9;C:\Program Files\Microsoft SQL Server\130\Tools\Binn\;C:\Program Files\PuTTY\;C:\Program Files\dotnet\;C:\javafx-sdk-11.0.2\lib;C:\Python\Scripts\;C:\Python\;C:\Program Files\MySQL\MySQL Shell 8.0\bin\;C:\Users\GAMER\AppData\Local\Microsoft\WindowsApps;C:\Program Files\JetBrains\PyCharm 2020.2.2\bin;;C:\Program Files\JetBrains\CLion 2020.3.2\bin;;C:\Program Files\JetBrains\WebStorm 2020.2.
USERNAME=GAMER
OS=Windows_NT
PROCESSOR_IDENTIFIER=Intel64 Family 6 Model 158 Stepping 9, GenuineIntel



---------------  S Y S T E M  ---------------

OS:
 Windows 10 , 64 bit Build 19041 (10.0.19041.928)
OS uptime: 0 days 1:51 hours

CPU: total 8 (initial active 8) (4 cores per cpu, 2 threads per core) family 6 model 158 stepping 9 microcode 0xb4, cx8, cmov, fxsr, ht, mmx, 3dnowpref, sse, sse2, sse3, ssse3, sse4.1, sse4.2, popcnt, lzcnt, tsc, tscinvbit, avx, avx2, aes, erms, clmul, bmi1, bmi2, adx, fma, vzeroupper, clflush, clflushopt

Memory: 4k page, system-wide physical 16303M (1410M free)
TotalPageFile size 24303M (AvailPageFile size 199M)
current process WorkingSet (physical memory assigned to process): 10M, peak: 10M
current process commit charge ("private bytes"): 60M, peak: 316M

vm_info: Java HotSpot(TM) 64-Bit Server VM (16.0.1+9-24) for windows-amd64 JRE (16.0.1+9-24), built on Mar 26 2021 19:31:42 by "mach5one" with MS VC++ 16.7 (VS2019)

END.
