1     Entering   7     
1     Leaving    7     
1     Entering   14    
1     Leaving    14    
1     Entering   38    
1     Leaving    38    
1     Entering   46    
1     Leaving    46    
1     Entering   48    
1     Leaving    48    
1     Entering   57    
1     Leaving    57    
1     Entering   78    
1     Leaving    78    
1     Entering   80    
1     Leaving    80    
1     Entering   96    
1     Leaving    96    
1     Entering   19    
1     Leaving    19    
1     Entering   25    
1     Leaving    25    
1     Entering   55    
1     Leaving    55    
1     Entering   78    
1     Leaving    78    
